This file contains any messages produced by compilers while
running configure, to aid debugging if configure makes a mistake.

It was created by configure, which was
generated by GNU Autoconf 2.57.  Invocation command line was

  $ ./configure 

## --------- ##
## Platform. ##
## --------- ##

hostname = test.local
uname -m = x86_64
uname -r = 17.7.0
uname -s = Darwin
uname -v = Darwin Kernel Version 17.7.0: Wed Feb 27 00:43:23 PST 2019; root:xnu-4570.71.35~1/RELEASE_X86_64

/usr/bin/uname -p = i386
/bin/uname -X     = unknown

/bin/arch              = unknown
/usr/bin/arch -k       = unknown
/usr/convex/getsysinfo = unknown
hostinfo               = Mach kernel version:
	 Darwin Kernel Version 17.7.0: Wed Feb 27 00:43:23 PST 2019; root:xnu-4570.71.35~1/RELEASE_X86_64
Kernel configured for up to 4 processors.
2 processors are physically available.
4 processors are logically available.
Processor type: x86_64h (Intel x86-64h Haswell)
Processors active: 0 1 2 3
Primary memory available: 8.00 gigabytes
Default processor set: 328 tasks, 1599 threads, 4 processors
Load average: 3.59, Mach factor: 2.06
/bin/machine           = unknown
/usr/bin/oslevel       = unknown
/bin/universe          = unknown

PATH: /Users/h4sh/.cargo/bin
PATH: /usr/local/bin
PATH: /usr/bin
PATH: /bin
PATH: /usr/sbin
PATH: /sbin
PATH: /Library/TeX/texbin
PATH: /usr/local/go/bin
PATH: /usr/local/Cellar/openvpn/2.4.5/sbin
PATH: /opt/X11/bin
PATH: /usr/local/CrossPack-AVR/bin
PATH: /Applications/Pololu USB AVR Programmer v2.app/Contents/MacOS
PATH: /Applications/Wireshark.app/Contents/MacOS
PATH: /usr/local/opt/inetutils/libexec/gnubin
PATH: ~/go/bin
PATH: /Applications/Wine Stable.app/Contents/Resources/start/bin
PATH: /Applications/Wine Stable.app/Contents/Resources/wine/bin


## ----------- ##
## Core tests. ##
## ----------- ##

configure:1303: checking for a BSD-compatible install
configure:1357: result: /usr/local/bin/ginstall -c
configure:1368: checking whether build environment is sane
configure:1411: result: yes
configure:1436: WARNING: `missing' script is too old or missing
configure:1444: checking for gawk
configure:1473: result: no
configure:1444: checking for mawk
configure:1473: result: no
configure:1444: checking for nawk
configure:1473: result: no
configure:1444: checking for awk
configure:1460: found /usr/bin/awk
configure:1470: result: awk
configure:1480: checking whether make sets $(MAKE)
configure:1500: result: yes
configure:1702: checking for gcc
configure:1718: found /usr/bin/gcc
configure:1728: result: gcc
configure:1972: checking for C compiler version
configure:1975: gcc --version </dev/null >&5
Configured with: --prefix=/Applications/Xcode.app/Contents/Developer/usr --with-gxx-include-dir=/usr/include/c++/4.2.1
Apple LLVM version 9.1.0 (clang-902.0.39.2)
Target: x86_64-apple-darwin17.7.0
Thread model: posix
InstalledDir: /Applications/Xcode.app/Contents/Developer/Toolchains/XcodeDefault.xctoolchain/usr/bin
configure:1978: $? = 0
configure:1980: gcc -v </dev/null >&5
Configured with: --prefix=/Applications/Xcode.app/Contents/Developer/usr --with-gxx-include-dir=/usr/include/c++/4.2.1
Apple LLVM version 9.1.0 (clang-902.0.39.2)
Target: x86_64-apple-darwin17.7.0
Thread model: posix
InstalledDir: /Applications/Xcode.app/Contents/Developer/Toolchains/XcodeDefault.xctoolchain/usr/bin
configure:1983: $? = 0
configure:1985: gcc -V </dev/null >&5
clang: error: argument to '-V' is missing (expected 1 value)
clang: error: no input files
configure:1988: $? = 1
configure:2012: checking for C compiler default output
configure:2015: gcc    conftest.c  >&5
configure:2018: $? = 0
configure:2064: result: a.out
configure:2069: checking whether the C compiler works
configure:2075: ./a.out
configure:2078: $? = 0
configure:2095: result: yes
configure:2102: checking whether we are cross compiling
configure:2104: result: no
configure:2107: checking for suffix of executables
configure:2109: gcc -o conftest    conftest.c  >&5
configure:2112: $? = 0
configure:2137: result: 
configure:2143: checking for suffix of object files
configure:2165: gcc -c   conftest.c >&5
configure:2168: $? = 0
configure:2190: result: o
configure:2194: checking whether we are using the GNU C compiler
configure:2219: gcc -c   conftest.c >&5
configure:2222: $? = 0
configure:2225: test -s conftest.o
configure:2228: $? = 0
configure:2241: result: yes
configure:2247: checking whether gcc accepts -g
configure:2269: gcc -c -g  conftest.c >&5
configure:2272: $? = 0
configure:2275: test -s conftest.o
configure:2278: $? = 0
configure:2289: result: yes
configure:2306: checking for gcc option to accept ANSI C
configure:2367: gcc  -c -g -O2 -w  conftest.c >&5
configure:2370: $? = 0
configure:2373: test -s conftest.o
configure:2376: $? = 0
configure:2394: result: none needed
configure:2412: gcc -c -g -O2 -w  conftest.c >&5
conftest.c:2:3: error: unknown type name 'choke'
  choke me
  ^
conftest.c:2:11: error: expected ';' after top level declarator
  choke me
          ^
          ;
2 errors generated.
configure:2415: $? = 1
configure: failed program was:
| #ifndef __cplusplus
|   choke me
| #endif
configure:2543: checking for style of include used by make
configure:2571: result: GNU
configure:2599: checking dependency style of gcc
configure:2661: result: gcc3
configure:2690: checking for a BSD-compatible install
configure:2744: result: /usr/local/bin/ginstall -c
configure:2763: checking how to run the C preprocessor
configure:2799: gcc -E  conftest.c
configure:2805: $? = 0
configure:2837: gcc -E  conftest.c
configure:2838:10: fatal error: 'ac_nonexistent.h' file not found
#include <ac_nonexistent.h>
         ^~~~~~~~~~~~~~~~~~
1 error generated.
configure:2843: $? = 1
configure: failed program was:
| #line 2828 "configure"
| /* confdefs.h.  */
| 
| #define PACKAGE_NAME ""
| #define PACKAGE_TARNAME ""
| #define PACKAGE_VERSION ""
| #define PACKAGE_STRING ""
| #define PACKAGE_BUGREPORT ""
| #define PACKAGE "Disco"
| #define VERSION "0.1"
| /* end confdefs.h.  */
| #include <ac_nonexistent.h>
configure:2881: result: gcc -E
configure:2906: gcc -E  conftest.c
configure:2912: $? = 0
configure:2944: gcc -E  conftest.c
configure:2945:10: fatal error: 'ac_nonexistent.h' file not found
#include <ac_nonexistent.h>
         ^~~~~~~~~~~~~~~~~~
1 error generated.
configure:2950: $? = 1
configure: failed program was:
| #line 2935 "configure"
| /* confdefs.h.  */
| 
| #define PACKAGE_NAME ""
| #define PACKAGE_TARNAME ""
| #define PACKAGE_VERSION ""
| #define PACKAGE_STRING ""
| #define PACKAGE_BUGREPORT ""
| #define PACKAGE "Disco"
| #define VERSION "0.1"
| /* end confdefs.h.  */
| #include <ac_nonexistent.h>
configure:2993: checking for egrep
configure:3003: result: grep -E
configure:3008: checking for ANSI C header files
configure:3034: gcc -c -g -O2 -w  conftest.c >&5
configure:3037: $? = 0
configure:3040: test -s conftest.o
configure:3043: $? = 0
configure:3135: gcc -o conftest -g -O2 -w   conftest.c  >&5
configure:3138: $? = 0
configure:3140: ./conftest
configure:3143: $? = 0
configure:3158: result: yes
configure:3182: checking for sys/types.h
configure:3199: gcc -c -g -O2 -w  conftest.c >&5
configure:3202: $? = 0
configure:3205: test -s conftest.o
configure:3208: $? = 0
configure:3219: result: yes
configure:3182: checking for sys/stat.h
configure:3199: gcc -c -g -O2 -w  conftest.c >&5
configure:3202: $? = 0
configure:3205: test -s conftest.o
configure:3208: $? = 0
configure:3219: result: yes
configure:3182: checking for stdlib.h
configure:3199: gcc -c -g -O2 -w  conftest.c >&5
configure:3202: $? = 0
configure:3205: test -s conftest.o
configure:3208: $? = 0
configure:3219: result: yes
configure:3182: checking for string.h
configure:3199: gcc -c -g -O2 -w  conftest.c >&5
configure:3202: $? = 0
configure:3205: test -s conftest.o
configure:3208: $? = 0
configure:3219: result: yes
configure:3182: checking for memory.h
configure:3199: gcc -c -g -O2 -w  conftest.c >&5
configure:3202: $? = 0
configure:3205: test -s conftest.o
configure:3208: $? = 0
configure:3219: result: yes
configure:3182: checking for strings.h
configure:3199: gcc -c -g -O2 -w  conftest.c >&5
configure:3202: $? = 0
configure:3205: test -s conftest.o
configure:3208: $? = 0
configure:3219: result: yes
configure:3182: checking for inttypes.h
configure:3199: gcc -c -g -O2 -w  conftest.c >&5
configure:3202: $? = 0
configure:3205: test -s conftest.o
configure:3208: $? = 0
configure:3219: result: yes
configure:3182: checking for stdint.h
configure:3199: gcc -c -g -O2 -w  conftest.c >&5
configure:3202: $? = 0
configure:3205: test -s conftest.o
configure:3208: $? = 0
configure:3219: result: yes
configure:3182: checking for unistd.h
configure:3199: gcc -c -g -O2 -w  conftest.c >&5
configure:3202: $? = 0
configure:3205: test -s conftest.o
configure:3208: $? = 0
configure:3219: result: yes
configure:3254: checking for unistd.h
configure:3259: result: yes
configure:3263: checking errno.h usability
configure:3276: gcc -c -g -O2 -w  conftest.c >&5
configure:3279: $? = 0
configure:3282: test -s conftest.o
configure:3285: $? = 0
configure:3295: result: yes
configure:3299: checking errno.h presence
configure:3310: gcc -E  conftest.c
configure:3316: $? = 0
configure:3335: result: yes
configure:3371: checking for errno.h
configure:3378: result: yes
configure:3263: checking stdio.h usability
configure:3276: gcc -c -g -O2 -w  conftest.c >&5
configure:3279: $? = 0
configure:3282: test -s conftest.o
configure:3285: $? = 0
configure:3295: result: yes
configure:3299: checking stdio.h presence
configure:3310: gcc -E  conftest.c
configure:3316: $? = 0
configure:3335: result: yes
configure:3371: checking for stdio.h
configure:3378: result: yes
configure:3254: checking for stdlib.h
configure:3259: result: yes
configure:3254: checking for sys/types.h
configure:3259: result: yes
configure:3263: checking netinet/in.h usability
configure:3276: gcc -c -g -O2 -w  conftest.c >&5
configure:3279: $? = 0
configure:3282: test -s conftest.o
configure:3285: $? = 0
configure:3295: result: yes
configure:3299: checking netinet/in.h presence
configure:3310: gcc -E  conftest.c
configure:3316: $? = 0
configure:3335: result: yes
configure:3371: checking for netinet/in.h
configure:3378: result: yes
configure:3263: checking netinet/ip.h usability
configure:3276: gcc -c -g -O2 -w  conftest.c >&5
configure:3279: $? = 0
configure:3282: test -s conftest.o
configure:3285: $? = 0
configure:3295: result: yes
configure:3299: checking netinet/ip.h presence
configure:3310: gcc -E  conftest.c
configure:3316: $? = 0
configure:3335: result: yes
configure:3371: checking for netinet/ip.h
configure:3378: result: yes
configure:3263: checking netinet/tcp.h usability
configure:3276: gcc -c -g -O2 -w  conftest.c >&5
configure:3279: $? = 0
configure:3282: test -s conftest.o
configure:3285: $? = 0
configure:3295: result: yes
configure:3299: checking netinet/tcp.h presence
configure:3310: gcc -E  conftest.c
configure:3316: $? = 0
configure:3335: result: yes
configure:3371: checking for netinet/tcp.h
configure:3378: result: yes
configure:3263: checking pcap.h usability
configure:3276: gcc -c -g -O2 -w  conftest.c >&5
configure:3279: $? = 0
configure:3282: test -s conftest.o
configure:3285: $? = 0
configure:3295: result: yes
configure:3299: checking pcap.h presence
configure:3310: gcc -E  conftest.c
configure:3316: $? = 0
configure:3335: result: yes
configure:3371: checking for pcap.h
configure:3378: result: yes
configure:3263: checking signal.h usability
configure:3276: gcc -c -g -O2 -w  conftest.c >&5
configure:3279: $? = 0
configure:3282: test -s conftest.o
configure:3285: $? = 0
configure:3295: result: yes
configure:3299: checking signal.h presence
configure:3310: gcc -E  conftest.c
configure:3316: $? = 0
configure:3335: result: yes
configure:3371: checking for signal.h
configure:3378: result: yes
configure:3399: checking for strcpy
configure:3449: gcc -o conftest -g -O2 -w   conftest.c  >&5
configure:3452: $? = 0
configure:3455: test -s conftest
configure:3458: $? = 0
configure:3469: result: yes
configure:3399: checking for strtok
configure:3449: gcc -o conftest -g -O2 -w   conftest.c  >&5
configure:3452: $? = 0
configure:3455: test -s conftest
configure:3458: $? = 0
configure:3469: result: yes
configure:3621: creating ./config.status

## ---------------------- ##
## Running config.status. ##
## ---------------------- ##

This file was extended by config.status, which was
generated by GNU Autoconf 2.57.  Invocation command line was

  CONFIG_FILES    = 
  CONFIG_HEADERS  = 
  CONFIG_LINKS    = 
  CONFIG_COMMANDS = 
  $ ./config.status 

on test.local

config.status:643: creating Makefile
config.status:768: executing depfiles commands

## ---------------- ##
## Cache variables. ##
## ---------------- ##

ac_cv_c_compiler_gnu=yes
ac_cv_env_CC_set=
ac_cv_env_CC_value=
ac_cv_env_CFLAGS_set=
ac_cv_env_CFLAGS_value=
ac_cv_env_CPPFLAGS_set=
ac_cv_env_CPPFLAGS_value=
ac_cv_env_CPP_set=
ac_cv_env_CPP_value=
ac_cv_env_LDFLAGS_set=
ac_cv_env_LDFLAGS_value=
ac_cv_env_build_alias_set=
ac_cv_env_build_alias_value=
ac_cv_env_host_alias_set=
ac_cv_env_host_alias_value=
ac_cv_env_target_alias_set=
ac_cv_env_target_alias_value=
ac_cv_exeext=
ac_cv_func_strcpy=yes
ac_cv_func_strtok=yes
ac_cv_header_errno_h=yes
ac_cv_header_inttypes_h=yes
ac_cv_header_memory_h=yes
ac_cv_header_netinet_in_h=yes
ac_cv_header_netinet_ip_h=yes
ac_cv_header_netinet_tcp_h=yes
ac_cv_header_pcap_h=yes
ac_cv_header_signal_h=yes
ac_cv_header_stdc=yes
ac_cv_header_stdint_h=yes
ac_cv_header_stdio_h=yes
ac_cv_header_stdlib_h=yes
ac_cv_header_string_h=yes
ac_cv_header_strings_h=yes
ac_cv_header_sys_stat_h=yes
ac_cv_header_sys_types_h=yes
ac_cv_header_unistd_h=yes
ac_cv_objext=o
ac_cv_path_install='/usr/local/bin/ginstall -c'
ac_cv_prog_AWK=awk
ac_cv_prog_CPP='gcc -E'
ac_cv_prog_ac_ct_CC=gcc
ac_cv_prog_cc_g=yes
ac_cv_prog_cc_stdc=
ac_cv_prog_egrep='grep -E'
ac_cv_prog_make_make_set=yes
am_cv_CC_dependencies_compiler_type=gcc3

## ----------------- ##
## Output variables. ##
## ----------------- ##

ACLOCAL='aclocal-1.7'
AMDEPBACKSLASH='\'
AMDEP_FALSE='#'
AMDEP_TRUE=''
AMTAR='tar'
AUTOCONF='autoconf'
AUTOHEADER='autoheader'
AUTOMAKE='automake-1.7'
AWK='awk'
CC='gcc'
CCDEPMODE='depmode=gcc3'
CFLAGS='-g -O2 -w'
CPP='gcc -E'
CPPFLAGS=''
CYGPATH_W='echo'
DEFS='-DPACKAGE_NAME=\"\" -DPACKAGE_TARNAME=\"\" -DPACKAGE_VERSION=\"\" -DPACKAGE_STRING=\"\" -DPACKAGE_BUGREPORT=\"\" -DPACKAGE=\"Disco\" -DVERSION=\"0.1\" -DSTDC_HEADERS=1 -DHAVE_SYS_TYPES_H=1 -DHAVE_SYS_STAT_H=1 -DHAVE_STDLIB_H=1 -DHAVE_STRING_H=1 -DHAVE_MEMORY_H=1 -DHAVE_STRINGS_H=1 -DHAVE_INTTYPES_H=1 -DHAVE_STDINT_H=1 -DHAVE_UNISTD_H=1 -DHAVE_UNISTD_H=1 -DHAVE_ERRNO_H=1 -DHAVE_STDIO_H=1 -DHAVE_STDLIB_H=1 -DHAVE_SYS_TYPES_H=1 -DHAVE_NETINET_IN_H=1 -DHAVE_NETINET_IP_H=1 -DHAVE_NETINET_TCP_H=1 -DHAVE_PCAP_H=1 -DHAVE_SIGNAL_H=1 -DHAVE_STRCPY=1 -DHAVE_STRTOK=1 '
DEPDIR='.deps'
ECHO_C='ECHO_N=''
ECHO_T=''
EGREP='grep -E'
EXEEXT=''
INSTALL_DATA='${INSTALL} -m 644'
INSTALL_PROGRAM='${INSTALL}'
INSTALL_SCRIPT='${INSTALL}'
INSTALL_STRIP_PROGRAM='${SHELL} $(install_sh) -c -s'
LDFLAGS=''
LIBOBJS=''
LIBS=''
LTLIBOBJS=''
MAKEINFO='makeinfo'
OBJEXT='o'
PACKAGE='Disco'
PACKAGE_BUGREPORT=''
PACKAGE_NAME=''
PACKAGE_STRING=''
PACKAGE_TARNAME=''
PACKAGE_VERSION=''
PATH_SEPARATOR=':'
SET_MAKE=''
SHELL='/bin/sh'
STRIP=''
VERSION='0.1'
ac_ct_CC='gcc'
ac_ct_STRIP=''
am__fastdepCC_FALSE='#'
am__fastdepCC_TRUE=''
am__include='include'
am__quote=''
bindir='${exec_prefix}/bin'
build_alias=''
datadir='${prefix}/share'
exec_prefix='${prefix}'
host_alias=''
includedir='${prefix}/include'
infodir='${prefix}/info'
install_sh='/Users/h4sh/Downloads/disco/install-sh'
libdir='${exec_prefix}/lib'
libexecdir='${exec_prefix}/libexec'
localstatedir='${prefix}/var'
mandir='${prefix}/man'
oldincludedir='/usr/include'
prefix='/usr/local'
program_transform_name='s,x,x,'
sbindir='${exec_prefix}/sbin'
sharedstatedir='${prefix}/com'
sysconfdir='${prefix}/etc'
target_alias=''

## ----------- ##
## confdefs.h. ##
## ----------- ##

#define HAVE_ERRNO_H 1
#define HAVE_INTTYPES_H 1
#define HAVE_MEMORY_H 1
#define HAVE_NETINET_IN_H 1
#define HAVE_NETINET_IP_H 1
#define HAVE_NETINET_TCP_H 1
#define HAVE_PCAP_H 1
#define HAVE_SIGNAL_H 1
#define HAVE_STDINT_H 1
#define HAVE_STDIO_H 1
#define HAVE_STDLIB_H 1
#define HAVE_STDLIB_H 1
#define HAVE_STRCPY 1
#define HAVE_STRINGS_H 1
#define HAVE_STRING_H 1
#define HAVE_STRTOK 1
#define HAVE_SYS_STAT_H 1
#define HAVE_SYS_TYPES_H 1
#define HAVE_SYS_TYPES_H 1
#define HAVE_UNISTD_H 1
#define HAVE_UNISTD_H 1
#define PACKAGE "Disco"
#define PACKAGE_BUGREPORT ""
#define PACKAGE_NAME ""
#define PACKAGE_STRING ""
#define PACKAGE_TARNAME ""
#define PACKAGE_VERSION ""
#define STDC_HEADERS 1
#define VERSION "0.1"

configure: exit 0
